[14:31:58] [ServerMain/INFO]: [bootstrap] Running Java 25 (OpenJDK 64-Bit Server VM 25.0.1+8-LTS; Microsoft Microsoft-12574222) on Linux 6.8.0-1030-azure (amd64)
[14:31:58] [ServerMain/INFO]: [bootstrap] Loading Paper 1.21.4-60-main@0629524 (2024-12-28T00:13:57Z) for Minecraft 1.21.4
[14:31:59] [ServerMain/INFO]: [PluginInitializerManager] Initializing plugins...
[14:32:00] [ServerMain/INFO]: [PluginInitializerManager] Initialized 2 plugins
[14:32:00] [ServerMain/INFO]: [PluginInitializerManager] Bukkit plugins (2):
 - GSit (3.1.1), ImageFrame (1.9.0.0)
[14:32:07] [ServerMain/WARN]: resource-pack-id missing, using default of 436ba9a3-3719-3e86-a13b-5992893888d1
[14:32:07] [ServerMain/INFO]: Environment: Environment[sessionHost=https://sessionserver.mojang.com, servicesHost=https://api.minecraftservices.com, name=PROD]
[14:32:10] [ServerMain/INFO]: Loaded 1370 recipes
[14:32:10] [ServerMain/INFO]: Loaded 1481 advancements
[14:32:10] [ServerMain/INFO]: [MCTypeRegistry] Initialising converters for DataConverter...
[14:32:11] [ServerMain/INFO]: [MCTypeRegistry] Finished initialising converters for DataConverter in 485.9ms
[14:32:11] [Server thread/INFO]: Starting minecraft server version 1.21.4
[14:32:11] [Server thread/INFO]: Loading properties
[14:32:11] [Server thread/INFO]: This server is running Paper version 1.21.4-60-main@0629524 (2024-12-28T00:13:57Z) (Implementing API version 1.21.4-R0.1-SNAPSHOT)
[14:32:11] [Server thread/INFO]: [spark] This server bundles the spark profiler. For more information please visit https://docs.papermc.io/paper/profiling
[14:32:11] [Server thread/INFO]: Using 4 threads for Netty based IO
[14:32:11] [Server thread/INFO]: Server Ping Player Sample Count: 12
[14:32:13] [Server thread/INFO]: [MoonriseCommon] Paper is using 1 worker threads, 1 I/O threads
[14:32:13] [Server thread/INFO]: [ChunkTaskScheduler] Chunk system is using population gen parallelism: true
[14:32:13] [Server thread/INFO]: Default game type: SURVIVAL
[14:32:13] [Server thread/INFO]: Generating keypair
[14:32:13] [Server thread/INFO]: Starting Minecraft server on *:25565
[14:32:13] [Server thread/INFO]: Using epoll channel type
[14:32:13] [Server thread/INFO]: Paper: Using libdeflate (Linux x86_64) compression from Velocity.
[14:32:13] [Server thread/INFO]: Paper: Using OpenSSL 3.x.x (Linux x86_64) cipher from Velocity.
[14:32:14] [Server thread/INFO]: [ImageFrame] Loading server plugin ImageFrame v1.9.0.0
[14:32:14] [Server thread/INFO]: [GSit] Loading server plugin GSit v3.1.1
[14:32:14] [Server thread/INFO]: Server permissions file permissions.yml is empty, ignoring it
[14:32:14] [Server thread/WARN]: **** SERVER IS RUNNING IN OFFLINE/INSECURE MODE!
[14:32:14] [Server thread/WARN]: The server will make no attempt to authenticate usernames. Beware.
[14:32:14] [Server thread/WARN]: While this makes the game possible to play without internet access, it also opens up the ability for hackers to connect with any username they choose.
[14:32:14] [Server thread/WARN]: To change this, set "online-mode" to "true" in the server.properties file.
[14:32:14] [Server thread/INFO]: Preparing level "world"
[14:32:15] [Server thread/INFO]: Preparing start region for dimension minecraft:overworld
[14:32:16] [Server thread/INFO]: Preparing spawn area: 0%
[14:32:16] [Server thread/INFO]: Preparing spawn area: 0%
[14:32:16] [Server thread/INFO]: Preparing spawn area: 2%
[14:32:17] [Server thread/INFO]: Preparing spawn area: 2%
[14:32:17] [Server thread/INFO]: Preparing spawn area: 2%
[14:32:17] [Server thread/INFO]: Time elapsed: 2360 ms
[14:32:17] [Server thread/INFO]: Preparing start region for dimension minecraft:the_nether
[14:32:17] [Server thread/INFO]: Preparing spawn area: 0%
[14:32:18] [Server thread/INFO]: Time elapsed: 354 ms
[14:32:18] [Server thread/INFO]: Preparing start region for dimension minecraft:the_end
[14:32:18] [Server thread/INFO]: Preparing spawn area: 0%
[14:32:18] [Server thread/INFO]: Time elapsed: 278 ms
[14:32:18] [Server thread/INFO]: [ImageFrame] Enabling ImageFrame v1.9.0.0
[14:32:36] [Server thread/INFO]: [ImageFrame] Registered ImageMapLoader imageframe:url_static
[14:32:36] [Server thread/INFO]: [ImageFrame] Registered ImageMapLoader imageframe:url_animated
[14:32:36] [Server thread/INFO]: [ImageFrame] Registered ImageMapLoader imageframe:url_static_overlay
[14:32:36] [Server thread/INFO]: [ImageFrame] Registered ImageMapLoader imageframe:non_updatable_static
[14:32:36] [Server thread/INFO]: [ImageFrame] Registered MediaLoader imageframe:gif_reader to ImageMapLoader imageframe:url_animated
[14:32:36] [Server thread/INFO]: [ImageFrame] Registered MediaLoader imageframe:imageio to ImageMapLoader imageframe:url_static
[14:32:36] [Server thread/INFO]: [ImageFrame] Registered MediaLoader imageframe:imageio to ImageMapLoader imageframe:url_static_overlay
[14:32:36] [Server thread/INFO]: [ImageFrame] ImageFrame has been Enabled!
[14:32:37] [Server thread/INFO]: [GSit] Enabling GSit v3.1.1
[14:32:37] [Server thread/INFO]: [GSit] The plugin was successfully enabled.
[14:32:38] [Server thread/INFO]: [spark] Starting background profiler...
[14:32:39] [Server thread/INFO]: Done preparing level "world" (24.633s)
[14:32:39] [Server thread/INFO]: Running delayed init tasks
[14:32:39] [Server thread/INFO]: Done (41.926s)! For help, type "help"
[14:32:39] [Craft Scheduler Thread - 1 - ImageFrame/INFO]: [ImageFrame] Data loading completed! Loaded 1 ImageMaps!
[14:33:12] [User Authenticator #0/INFO]: UUID of player fikrahmalas is 496383ab-814d-3e00-8796-9567464839f5
[14:33:16] [Server thread/INFO]: fikrahmalas joined the game
[14:33:16] [Server thread/INFO]: fikrahmalas[/127.241.190.76:37385] logged in with entity id 298 at ([world]935.437788148433, -21.0, -996.7392990554664)
[14:34:07] [Server thread/INFO]: fikrahmalas issued server command: /tps
[14:34:10] [Server thread/INFO]: fikrahmalas issued server command: /tpa
[14:50:57] [Server thread/INFO]: Villager Villager['Farmer'/412, uuid='27658a7f-0772-43fd-ac58-236d5ce76fd5', l='ServerLevel[world]', x=865.32, y=33.95, z=-935.17, cpos=[54, -59], tl=507820, v=true] died, message: 'Farmer was slain by Zombie'
[14:59:10] [Server thread/INFO]: fikrahmalas lost connection: Timed out
[14:59:10] [Server thread/INFO]: fikrahmalas left the game
[14:59:27] [User Authenticator #1/INFO]: UUID of player fikrahmalas is 496383ab-814d-3e00-8796-9567464839f5
[14:59:30] [Server thread/INFO]: fikrahmalas joined the game
[14:59:30] [Server thread/INFO]: fikrahmalas[/127.241.190.76:40395] logged in with entity id 3965 at ([world]660.5, 70.65, -303.6087540298418)
[15:00:15] [Server thread/INFO]: fikrahmalas lost connection: Timed out
[15:00:15] [Server thread/INFO]: fikrahmalas left the game
[15:00:22] [User Authenticator #1/INFO]: UUID of player fikrahmalas is 496383ab-814d-3e00-8796-9567464839f5
[15:00:24] [Server thread/INFO]: fikrahmalas joined the game
[15:00:24] [Server thread/INFO]: fikrahmalas[/127.241.190.76:46395] logged in with entity id 4185 at ([world]627.5, 66.0, -330.5)
[15:07:01] [Server thread/INFO]: Villager Villager['Villager'/868, uuid='b36865f6-156e-4db2-ab9e-187e9b50aa85', l='ServerLevel[world]', x=478.67, y=70.00, z=-361.78, cpos=[29, -23], tl=19671, v=true] died, message: 'Villager was slain by fikrahmalas'
[15:18:21] [Server thread/INFO]: fikrahmalas lost connection: Disconnected
[15:18:21] [Server thread/INFO]: fikrahmalas left the game
